Initialized native services in: C:\Users\Akshat Sinha\.gradle\native
Initialized jansi services in: C:\Users\Akshat Sinha\.gradle\native
To honour the JVM settings for this build a single-use Daemon process will be forked. For more on this, please refer to https://docs.gradle.org/8.14.3/userguide/gradle_daemon.html#sec:disabling_the_daemon in the Gradle documentation.
Starting process 'Gradle build daemon'. Working directory: C:\Users\Akshat Sinha\.gradle\daemon\8.14.3 Command: C:\Program Files\Java\jdk-24\bin\java.exe --add-opens=java.base/java.lang=ALL-UNNAMED --add-opens=java.base/java.lang.invoke=ALL-UNNAMED --add-opens=java.base/java.util=ALL-UNNAMED --add-opens=java.prefs/java.util.prefs=ALL-UNNAMED --add-exports=jdk.compiler/com.sun.tools.javac.api=ALL-UNNAMED --add-exports=jdk.compiler/com.sun.tools.javac.util=ALL-UNNAMED --add-opens=java.base/java.util=ALL-UNNAMED --add-opens=java.prefs/java.util.prefs=ALL-UNNAMED --add-opens=java.base/java.nio.charset=ALL-UNNAMED --add-opens=java.base/java.net=ALL-UNNAMED --add-opens=java.base/java.util.concurrent.atomic=ALL-UNNAMED --add-opens=java.xml/javax.xml.namespace=ALL-UNNAMED --enable-native-access=ALL-UNNAMED -XX:MaxMetaspaceSize=384m -XX:+HeapDumpOnOutOfMemoryError -Xms256m -Xmx512m -Dfile.encoding=UTF-8 -Duser.country=IN -Duser.language=en -Duser.variant -cp C:\Users\Akshat Sinha\.gradle\wrapper\dists\gradle-8.14.3-bin\cv11ve7ro1n3o1j4so8xd9n66\gradle-8.14.3\lib\gradle-daemon-main-8.14.3.jar -javaagent:C:\Users\Akshat Sinha\.gradle\wrapper\dists\gradle-8.14.3-bin\cv11ve7ro1n3o1j4so8xd9n66\gradle-8.14.3\lib\agents\gradle-instrumentation-agent-8.14.3.jar org.gradle.launcher.daemon.bootstrap.GradleDaemon 8.14.3
Successfully started process 'Gradle build daemon'
An attempt to start the daemon took 1.487 secs.
The client will now receive all logging from the daemon (pid: 24720). The daemon log file: C:\Users\Akshat Sinha\.gradle\daemon\8.14.3\daemon-24720.out.log
Daemon will be stopped at the end of the build 
Using 16 worker leases.
Received JVM installation metadata from 'C:\Program Files\Java\jdk-24': {JAVA_HOME=C:\Program Files\Java\jdk-24, JAVA_VERSION=24.0.2, JAVA_VENDOR=Oracle Corporation, RUNTIME_NAME=Java(TM) SE Runtime Environment, RUNTIME_VERSION=24.0.2+12-54, VM_NAME=Java HotSpot(TM) 64-Bit Server VM, VM_VERSION=24.0.2+12-54, VM_VENDOR=Oracle Corporation, OS_ARCH=amd64}
Watching the file system is configured to be enabled if available
Now considering [C:\Users\Akshat Sinha\Downloads\CLOUD COMPUTING\JavaOnEC2] as hierarchies to watch
File system watching is active
Starting Build
Settings evaluated using settings file 'C:\Users\Akshat Sinha\Downloads\CLOUD COMPUTING\JavaOnEC2\settings.gradle'.
Projects loaded. Root project using build file 'C:\Users\Akshat Sinha\Downloads\CLOUD COMPUTING\JavaOnEC2\build.gradle'.
Included projects: [root project 'javaonec2']

> Configure project :
Evaluating root project 'javaonec2' using build file 'C:\Users\Akshat Sinha\Downloads\CLOUD COMPUTING\JavaOnEC2\build.gradle'.
Resolved plugin [id: 'java']
Resolved plugin [id: 'org.springframework.boot', version: '3.4.0']
Resolved plugin [id: 'io.spring.dependency-management', version: '1.1.6']
Applying dependency management to configuration 'annotationProcessor' in project 'javaonec2'
Applying dependency management to configuration 'apiElements' in project 'javaonec2'
Applying dependency management to configuration 'archives' in project 'javaonec2'
Applying dependency management to configuration 'bootArchives' in project 'javaonec2'
Applying dependency management to configuration 'compileClasspath' in project 'javaonec2'
Applying dependency management to configuration 'compileOnly' in project 'javaonec2'
Applying dependency management to configuration 'default' in project 'javaonec2'
Applying dependency management to configuration 'developmentOnly' in project 'javaonec2'
Applying dependency management to configuration 'implementation' in project 'javaonec2'
Applying dependency management to configuration 'mainSourceElements' in project 'javaonec2'
Applying dependency management to configuration 'productionRuntimeClasspath' in project 'javaonec2'
Applying dependency management to configuration 'runtimeClasspath' in project 'javaonec2'
Applying dependency management to configuration 'runtimeElements' in project 'javaonec2'
Applying dependency management to configuration 'runtimeOnly' in project 'javaonec2'
Applying dependency management to configuration 'testAndDevelopmentOnly' in project 'javaonec2'
Applying dependency management to configuration 'testAnnotationProcessor' in project 'javaonec2'
Applying dependency management to configuration 'testCompileClasspath' in project 'javaonec2'
Applying dependency management to configuration 'testCompileOnly' in project 'javaonec2'
Applying dependency management to configuration 'testImplementation' in project 'javaonec2'
Applying dependency management to configuration 'testResultsElementsForTest' in project 'javaonec2'
Applying dependency management to configuration 'testRuntimeClasspath' in project 'javaonec2'
Applying dependency management to configuration 'testRuntimeOnly' in project 'javaonec2'
All projects evaluated.
Task name matched 'bootRun'
Selected primary task 'bootRun' from project :
Resolving global dependency management for project 'javaonec2'
Excluding []
Excluding []
Excluding []
Excluding []
Excluding []
Tasks to be executed: [task ':compileJava', task ':processResources', task ':classes', task ':resolveMainClassName', task ':bootRun']
Tasks that were excluded: []
Resolve mutations for :compileJava (Thread[#207,Execution worker Thread 2,5,main]) started.
:compileJava (Thread[#207,Execution worker Thread 2,5,main]) started.

> Task :compileJava
Custom actions are attached to task ':compileJava'.
Caching disabled for task ':compileJava' because:
  Build cache is disabled
Task ':compileJava' is not up-to-date because:
  Input property 'stableSources' file C:\Users\Akshat Sinha\Downloads\CLOUD COMPUTING\JavaOnEC2\src\main\java\com\example\javaonec2\HelloController.java has been added.
Compilation mode: in-process compilation
Created classpath snapshot for incremental compilation in 0.079 secs.
Compiling with toolchain 'C:\Program Files\Java\jdk-24'.
Compiling with JDK Java compiler API.
Incremental compilation of 1 classes completed in 0.831 secs.
Class dependency analysis for incremental compilation took 0.014 secs.
Resolve mutations for :processResources (Thread[#207,Execution worker Thread 2,5,main]) started.
:processResources (Thread[#207,Execution worker Thread 2,5,main]) started.

> Task :processResources UP-TO-DATE
Caching disabled for task ':processResources' because:
  Build cache is disabled
  Not worth caching
Skipping task ':processResources' as it is up-to-date.
Resolve mutations for :classes (Thread[#207,Execution worker Thread 2,5,main]) started.
:classes (Thread[#207,Execution worker Thread 2,5,main]) started.

> Task :classes
Skipping task ':classes' as it has no actions.
Resolve mutations for :resolveMainClassName (Thread[#207,Execution worker Thread 2,5,main]) started.
:resolveMainClassName (Thread[#207,Execution worker Thread 2,5,main]) started.

> Task :resolveMainClassName
Caching disabled for task ':resolveMainClassName' because:
  Build cache is disabled
  Not worth caching
Task ':resolveMainClassName' is not up-to-date because:
  Input property 'classpath' file C:\Users\Akshat Sinha\Downloads\CLOUD COMPUTING\JavaOnEC2\build\classes\java\main\com\example\javaonec2\JavaOnEc2Application.class has been removed.
  Input property 'classpath' file C:\Users\Akshat Sinha\Downloads\CLOUD COMPUTING\JavaOnEC2\build\classes\java\main\com\example\javaonec2\HelloController.class has been added.
  Input property 'classpath' file C:\Users\Akshat Sinha\Downloads\CLOUD COMPUTING\JavaOnEC2\build\resources\main\application.properties has been removed.
  and more...
Resolve mutations for :bootRun (Thread[#207,Execution worker Thread 2,5,main]) started.
:bootRun (Thread[#207,Execution worker Thread 2,5,main]) started.

> Task :bootRun
Caching disabled for task ':bootRun' because:
  Build cache is disabled
Task ':bootRun' is not up-to-date because:
  Task has not declared any outputs despite executing actions.
Starting process 'command 'C:\Program Files\Java\jdk-24\bin\java.exe''. Working directory: C:\Users\Akshat Sinha\Downloads\CLOUD COMPUTING\JavaOnEC2 Command: C:\Program Files\Java\jdk-24\bin\java.exe -XX:TieredStopAtLevel=1 -Dfile.encoding=UTF-8 -Duser.country=IN -Duser.language=en -Duser.variant -cp C:\Users\Akshat Sinha\Downloads\CLOUD COMPUTING\JavaOnEC2\build\classes\java\main;C:\Users\Akshat Sinha\Downloads\CLOUD COMPUTING\JavaOnEC2\build\resources\main;C:\Users\Akshat Sinha\.gradle\caches\modules-2\files-2.1\org.springframework\spring-webmvc\6.2.0\2eddfeb4d7a12b1ed301bc07abc7e73bca94c2e9\spring-webmvc-6.2.0.jar;C:\Users\Akshat Sinha\.gradle\caches\modules-2\files-2.1\org.springframework\spring-web\6.2.0\e1b702476fe83b2354baf88b8179f71c53fbbfae\spring-web-6.2.0.jar;C:\Users\Akshat Sinha\.gradle\caches\modules-2\files-2.1\org.springframework.boot\spring-boot-autoconfigure\3.4.0\2cf78b01be25952c96cb8ee60b4b0562b3a136f2\spring-boot-autoconfigure-3.4.0.jar;C:\Users\Akshat Sinha\.gradle\caches\modules-2\files-2.1\org.springframework.boot\spring-boot\3.4.0\cbc6c54cc6958a5e24872025e0d6ff0c87ed3594\spring-boot-3.4.0.jar;C:\Users\Akshat Sinha\.gradle\caches\modules-2\files-2.1\jakarta.annotation\jakarta.annotation-api\2.1.1\48b9bda22b091b1f48b13af03fe36db3be6e1ae3\jakarta.annotation-api-2.1.1.jar;C:\Users\Akshat Sinha\.gradle\caches\modules-2\files-2.1\org.springframework\spring-context\6.2.0\c08dc2bbbe833de7ceda56e8b8bbcc7014413a2a\spring-context-6.2.0.jar;C:\Users\Akshat Sinha\.gradle\caches\modules-2\files-2.1\org.springframework\spring-aop\6.2.0\999012dfb56640f7babdf4f6c55b3f59c1596f3f\spring-aop-6.2.0.jar;C:\Users\Akshat Sinha\.gradle\caches\modules-2\files-2.1\org.springframework\spring-beans\6.2.0\972694ca3c2f44d64d55429dfcc6ca2dfa9fddf\spring-beans-6.2.0.jar;C:\Users\Akshat Sinha\.gradle\caches\modules-2\files-2.1\org.springframework\spring-expression\6.2.0\7e92dcd147157641446081db281e9437d8f4dcd\spring-expression-6.2.0.jar;C:\Users\Akshat Sinha\.gradle\caches\modules-2\files-2.1\org.springframework\spring-core\6.2.0\b0d65768b9f99204857dc9a5548443c04ba61c79\spring-core-6.2.0.jar;C:\Users\Akshat Sinha\.gradle\caches\modules-2\files-2.1\org.yaml\snakeyaml\2.3\936b36210e27320f920536f695cf1af210c44586\snakeyaml-2.3.jar;C:\Users\Akshat Sinha\.gradle\caches\modules-2\files-2.1\com.fasterxml.jackson.datatype\jackson-datatype-jsr310\2.18.1\36e49c07197395164d50df4b8ed17f5fc05430f0\jackson-datatype-jsr310-2.18.1.jar;C:\Users\Akshat Sinha\.gradle\caches\modules-2\files-2.1\com.fasterxml.jackson.module\jackson-module-parameter-names\2.18.1\202b447a91d5466433f91690f9414dd466dcbc2b\jackson-module-parameter-names-2.18.1.jar;C:\Users\Akshat Sinha\.gradle\caches\modules-2\files-2.1\com.fasterxml.jackson.core\jackson-annotations\2.18.1\8f9aa97e7fb44d4bea829061625472b0f6199923\jackson-annotations-2.18.1.jar;C:\Users\Akshat Sinha\.gradle\caches\modules-2\files-2.1\com.fasterxml.jackson.core\jackson-core\2.18.1\9e2284c539e2dedd2aa1487c781e20a0f575d695\jackson-core-2.18.1.jar;C:\Users\Akshat Sinha\.gradle\caches\modules-2\files-2.1\com.fasterxml.jackson.datatype\jackson-datatype-jdk8\2.18.1\944810b96bfe1d149ecdafb1228537610e14367a\jackson-datatype-jdk8-2.18.1.jar;C:\Users\Akshat Sinha\.gradle\caches\modules-2\files-2.1\com.fasterxml.jackson.core\jackson-databind\2.18.1\66547d0c6c2f9e022019499308f09bebbf30ab2e\jackson-databind-2.18.1.jar;C:\Users\Akshat Sinha\.gradle\caches\modules-2\files-2.1\org.apache.tomcat.embed\tomcat-embed-websocket\10.1.33\67feeb848bf741029ed7a0fe91bcae515e7b1c25\tomcat-embed-websocket-10.1.33.jar;C:\Users\Akshat Sinha\.gradle\caches\modules-2\files-2.1\org.apache.tomcat.embed\tomcat-embed-core\10.1.33\d4d10b953164db057e4a803506e4552731e5a6a0\tomcat-embed-core-10.1.33.jar;C:\Users\Akshat Sinha\.gradle\caches\modules-2\files-2.1\org.apache.tomcat.embed\tomcat-embed-el\10.1.33\6cdf9afcb8577309fae1181e0a5f2f8cff559d97\tomcat-embed-el-10.1.33.jar;C:\Users\Akshat Sinha\.gradle\caches\modules-2\files-2.1\io.micrometer\micrometer-observation\1.14.1\db326347a09c9c18b4149aae98b38d280cafdeb9\micrometer-observation-1.14.1.jar;C:\Users\Akshat Sinha\.gradle\caches\modules-2\files-2.1\ch.qos.logback\logback-classic\1.5.12\3790d1a62e868f7915776dfb392bd9a29ce8d954\logback-classic-1.5.12.jar;C:\Users\Akshat Sinha\.gradle\caches\modules-2\files-2.1\org.apache.logging.log4j\log4j-to-slf4j\2.24.1\fc8228007ccbf3bcdd9c6045de2c20bd03dbcf6e\log4j-to-slf4j-2.24.1.jar;C:\Users\Akshat Sinha\.gradle\caches\modules-2\files-2.1\org.slf4j\jul-to-slf4j\2.0.16\6d57da3e961daac65bcca0dd3def6cd11e48a24a\jul-to-slf4j-2.0.16.jar;C:\Users\Akshat Sinha\.gradle\caches\modules-2\files-2.1\org.springframework\spring-jcl\6.2.0\2b8e7bb1e751bf585e7db6de1d375c599e0c8cf5\spring-jcl-6.2.0.jar;C:\Users\Akshat Sinha\.gradle\caches\modules-2\files-2.1\io.micrometer\micrometer-commons\1.14.1\b7cf441e6c9de70794b09086751a8ec0e311d47e\micrometer-commons-1.14.1.jar;C:\Users\Akshat Sinha\.gradle\caches\modules-2\files-2.1\ch.qos.logback\logback-core\1.5.12\65b1fa25fe8d8e4bdc140e79eb67ac6741f775e2\logback-core-1.5.12.jar;C:\Users\Akshat Sinha\.gradle\caches\modules-2\files-2.1\org.slf4j\slf4j-api\2.0.16\172931663a09a1fa515567af5fbef00897d3c04\slf4j-api-2.0.16.jar;C:\Users\Akshat Sinha\.gradle\caches\modules-2\files-2.1\org.apache.logging.log4j\log4j-api\2.24.1\7ebeb12c20606373005af4232cd0ecca72613dda\log4j-api-2.24.1.jar com.example.javaonec2.JavaOnEc2Application
Successfully started process 'command 'C:\Program Files\Java\jdk-24\bin\java.exe''

  .   ____          _            __ _ _
 /\\ / ___'_ __ _ _(_)_ __  __ _ \ \ \ \
( ( )\___ | '_ | '_| | '_ \/ _` | \ \ \ \
 \\/  ___)| |_)| | | | | || (_| |  ) ) ) )
  '  |____| .__|_| |_|_| |_\__, | / / / /
 =========|_|==============|___/=/_/_/_/

 :: Spring Boot ::                (v3.4.0)

2025-09-01T20:23:30.250+05:30  INFO 24244 --- [JavaOnEC2] [           main] c.e.javaonec2.JavaOnEc2Application       : Starting JavaOnEc2Application using Java 24.0.2 with PID 24244 (C:\Users\Akshat Sinha\Downloads\CLOUD COMPUTING\JavaOnEC2\build\classes\java\main started by Akshat Sinha in C:\Users\Akshat Sinha\Downloads\CLOUD COMPUTING\JavaOnEC2)
2025-09-01T20:23:30.253+05:30  INFO 24244 --- [JavaOnEC2] [           main] c.e.javaonec2.JavaOnEc2Application       : No active profile set, falling back to 1 default profile: "default"
2025-09-01T20:23:31.065+05:30  INFO 24244 --- [JavaOnEC2] [           main] o.s.b.w.embedded.tomcat.TomcatWebServer  : Tomcat initialized with port 8080 (http)
2025-09-01T20:23:31.078+05:30  INFO 24244 --- [JavaOnEC2] [           main] o.apache.catalina.core.StandardService   : Starting service [Tomcat]
2025-09-01T20:23:31.078+05:30  INFO 24244 --- [JavaOnEC2] [           main] o.apache.catalina.core.StandardEngine    : Starting Servlet engine: [Apache Tomcat/10.1.33]
2025-09-01T20:23:31.126+05:30  INFO 24244 --- [JavaOnEC2] [           main] o.a.c.c.C.[Tomcat].[localhost].[/]       : Initializing Spring embedded WebApplicationContext
2025-09-01T20:23:31.126+05:30  INFO 24244 --- [JavaOnEC2] [           main] w.s.c.ServletWebServerApplicationContext : Root WebApplicationContext: initialization completed in 818 ms
2025-09-01T20:23:31.396+05:30  INFO 24244 --- [JavaOnEC2] [           main] o.s.b.w.embedded.tomcat.TomcatWebServer  : Tomcat started on port 8080 (http) with context path '/'
2025-09-01T20:23:31.407+05:30  INFO 24244 --- [JavaOnEC2] [           main] c.e.javaonec2.JavaOnEc2Application       : Started JavaOnEc2Application in 1.549 seconds (process running for 1.839)
2025-09-01T20:23:31.786+05:30  INFO 24244 --- [JavaOnEC2] [nio-8080-exec-1] o.a.c.c.C.[Tomcat].[localhost].[/]       : Initializing Spring DispatcherServlet 'dispatcherServlet'
2025-09-01T20:23:31.786+05:30  INFO 24244 --- [JavaOnEC2] [nio-8080-exec-1] o.s.web.servlet.DispatcherServlet        : Initializing Servlet 'dispatcherServlet'
2025-09-01T20:23:31.787+05:30  INFO 24244 --- [JavaOnEC2] [nio-8080-exec-1] o.s.web.servlet.DispatcherServlet        : Completed initialization in 1 ms

> Task :bootRun FAILED
4 actionable tasks: 3 executed, 1 up-to-date
Watched directory hierarchies: [C:\Users\Akshat Sinha\Downloads\CLOUD COMPUTING\JavaOnEC2]
