#
# There is insufficient memory for the Java Runtime Environment to continue.
# Native memory allocation (malloc) failed to allocate 1146512 bytes. Error detail: Chunk::new
# Possible reasons:
#   The system is out of physical RAM or swap space
#   This process is running with CompressedOops enabled, and the Java Heap may be blocking the growth of the native heap
# Possible solutions:
#   Reduce memory load on the system
#   Increase physical memory or swap space
#   Check if swap backing store is full
#   Decrease Java heap size (-Xmx/-Xms)
#   Decrease number of Java threads
#   Decrease Java thread stack sizes (-Xss)
#   Set larger code cache with -XX:ReservedCodeCacheSize=
#   JVM is running with Unscaled Compressed Oops mode in which the Java heap is
#     placed in the first 4GB address space. The Java Heap base address is the
#     maximum limit for the native heap growth. Please use -XX:HeapBaseMinAddress
#     to set the Java Heap base and to place the Java Heap above 4GB virtual address.
# This output file may be truncated or incomplete.
#
#  Out of Memory Error (arena.cpp:162), pid=8340, tid=29060
#
# JRE version: Java(TM) SE Runtime Environment (24.0.2+12) (build 24.0.2+12-54)
# Java VM: Java HotSpot(TM) 64-Bit Server VM (24.0.2+12-54, mixed mode, tiered, compressed oops, compressed class ptrs, g1 gc, windows-amd64)
# No core dump will be written. Minidumps are not enabled by default on client versions of Windows
#

---------------  S U M M A R Y ------------

Command Line: -Xmx64m -Xms64m -Dorg.gradle.appname=gradlew C:\Users\Akshat Sinha\Downloads\CLOUD COMPUTING\JavaOnEC2\\gradle\wrapper\gradle-wrapper.jar -p C:\Users\Akshat Sinha\Downloads\CLOUD COMPUTING\JavaOnEC2 --no-daemon bootRun -Dspring-boot.run.jvmArguments=-Xms32m -Xmx128m -XX:+UseSerialGC --enable-native-access=ALL-UNNAMED --stacktrace --info

Host: 11th Gen Intel(R) Core(TM) i7-11800H @ 2.30GHz, 16 cores, 15G,  Windows 11 , 64 bit Build 26100 (10.0.26100.5074)
Time: Mon Sep  1 20:16:54 2025 India Standard Time elapsed time: 6.645833 seconds (0d 0h 0m 6s)

---------------  T H R E A D  ---------------

Current thread (0x0000029b80a39a90):  JavaThread "C2 CompilerThread1" daemon [_thread_in_native, id=29060, stack(0x000000d17fc00000,0x000000d17fd00000) (1024K)]


Current CompileTask:
C2:6645  988       4       java.util.HashMap::getNode (150 bytes)

Stack: [0x000000d17fc00000,0x000000d17fd00000]
Native frames: (J=compiled Java code, j=interpreted, Vv=VM code, C=native code)
V  [jvm.dll+0x730829]  (no source info available)
V  [jvm.dll+0x8d9da3]  (no source info available)
V  [jvm.dll+0x8dc28d]  (no source info available)
V  [jvm.dll+0x8dc903]  (no source info available)
V  [jvm.dll+0x2a9f56]  (no source info available)
V  [jvm.dll+0xced7f]  (no source info available)
V  [jvm.dll+0xcefdf]  (no source info available)
V  [jvm.dll+0x154c83]  (no source info available)
V  [jvm.dll+0x73604f]  (no source info available)
V  [jvm.dll+0x26f8dc]  (no source info available)
V  [jvm.dll+0x26e8ff]  (no source info available)
V  [jvm.dll+0x1e9c90]  (no source info available)
V  [jvm.dll+0x27e0cb]  (no source info available)
V  [jvm.dll+0x27c36a]  (no source info available)
V  [jvm.dll+0x42f396]  (no source info available)
V  [jvm.dll+0x87d9eb]  (no source info available)
V  [jvm.dll+0x72ef45]  (no source info available)
C  [ucrtbase.dll+0x37b0]  (no source info available)
C  [KERNEL32.DLL+0x2e8d7]  (no source info available)
C  [ntdll.dll+0x8d9c]  (no source info available)

Lock stack of current Java thread (top to bottom):


---------------  P R O C E S S  ---------------

Threads class SMR info:
_java_thread_list=0x0000029b855e5000, length=12, elements={
0x0000029bc22051b0, 0x0000029b8017cfb0, 0x0000029b8017dc00, 0x0000029b8019d160,
0x0000029b8019dc90, 0x0000029b8019e7c0, 0x0000029b801a7300, 0x0000029b801982b0,
0x0000029b80198f60, 0x0000029b8035c010, 0x0000029b80360f70, 0x0000029b80a39a90
}

Java Threads: ( => current thread )
  0x0000029bc22051b0 JavaThread "main"                              [_thread_in_Java, id=30320, stack(0x000000d17e700000,0x000000d17e800000) (1024K)]
  0x0000029b8017cfb0 JavaThread "Reference Handler"          daemon [_thread_blocked, id=5048, stack(0x000000d17ef00000,0x000000d17f000000) (1024K)]
  0x0000029b8017dc00 JavaThread "Finalizer"                  daemon [_thread_blocked, id=28740, stack(0x000000d17f000000,0x000000d17f100000) (1024K)]
  0x0000029b8019d160 JavaThread "Signal Dispatcher"          daemon [_thread_blocked, id=32588, stack(0x000000d17f100000,0x000000d17f200000) (1024K)]
  0x0000029b8019dc90 JavaThread "Attach Listener"            daemon [_thread_blocked, id=13736, stack(0x000000d17f200000,0x000000d17f300000) (1024K)]
  0x0000029b8019e7c0 JavaThread "Service Thread"             daemon [_thread_blocked, id=15652, stack(0x000000d17f300000,0x000000d17f400000) (1024K)]
  0x0000029b801a7300 JavaThread "Monitor Deflation Thread"   daemon [_thread_blocked, id=21892, stack(0x000000d17f400000,0x000000d17f500000) (1024K)]
  0x0000029b801982b0 JavaThread "C2 CompilerThread0"         daemon [_thread_in_native, id=24160, stack(0x000000d17f500000,0x000000d17f600000) (1024K)]
  0x0000029b80198f60 JavaThread "C1 CompilerThread0"         daemon [_thread_blocked, id=25684, stack(0x000000d17f600000,0x000000d17f700000) (1024K)]
  0x0000029b8035c010 JavaThread "Notification Thread"        daemon [_thread_blocked, id=24864, stack(0x000000d17f800000,0x000000d17f900000) (1024K)]
  0x0000029b80360f70 JavaThread "Common-Cleaner"             daemon [_thread_blocked, id=12964, stack(0x000000d17f900000,0x000000d17fa00000) (1024K)]
=>0x0000029b80a39a90 JavaThread "C2 CompilerThread1"         daemon [_thread_in_native, id=29060, stack(0x000000d17fc00000,0x000000d17fd00000) (1024K)]
Total: 12

Other Threads:
  0x0000029b80150df0 VMThread "VM Thread"                           [id=31900, stack(0x000000d17ee00000,0x000000d17ef00000) (1024K)]
  0x0000029b8011d800 WatcherThread "VM Periodic Task Thread"        [id=5328, stack(0x000000d17ed00000,0x000000d17ee00000) (1024K)]
  0x0000029bc474bf40 WorkerThread "GC Thread#0"                     [id=3284, stack(0x000000d17e800000,0x000000d17e900000) (1024K)]
  0x0000029b8576fa00 WorkerThread "GC Thread#1"                     [id=24968, stack(0x000000d17f700000,0x000000d17f800000) (1024K)]
  0x0000029b855e2c10 WorkerThread "GC Thread#2"                     [id=16028, stack(0x000000d17fa00000,0x000000d17fb00000) (1024K)]
  0x0000029b8576cd60 WorkerThread "GC Thread#3"                     [id=31812, stack(0x000000d17fb00000,0x000000d17fc00000) (1024K)]
  0x0000029b8576d110 WorkerThread "GC Thread#4"                     [id=16116, stack(0x000000d17fd00000,0x000000d17fe00000) (1024K)]
  0x0000029bc474d8a0 ConcurrentGCThread "G1 Main Marker"            [id=28496, stack(0x000000d17e900000,0x000000d17ea00000) (1024K)]
  0x0000029bc4750520 WorkerThread "G1 Conc#0"                       [id=21040, stack(0x000000d17ea00000,0x000000d17eb00000) (1024K)]
  0x0000029bc47d5aa0 ConcurrentGCThread "G1 Refine#0"               [id=23532, stack(0x000000d17eb00000,0x000000d17ec00000) (1024K)]
  0x0000029bc47d7540 ConcurrentGCThread "G1 Service"                [id=11384, stack(0x000000d17ec00000,0x000000d17ed00000) (1024K)]
Total: 11

Threads with active compile tasks:
C2 CompilerThread0  7676 1005       4       java.util.jar.JarFile::getEntry (35 bytes)
C2 CompilerThread1  7676  988       4       java.util.HashMap::getNode (150 bytes)
Total: 2

VM state: not at safepoint (normal execution)

VM Mutex/Monitor currently owned by a thread: None

Heap address: 0x00000000fc000000, size: 64 MB, Compressed Oops mode: 32-bit

CDS archive(s) not mapped
Compressed class space mapped at: 0x0000000082000000-0x00000000c2000000, reserved size: 1073741824
UseCompressedClassPointers 1, UseCompactObjectHeaders 0
Narrow klass pointer bits 32, Max shift 3
Narrow klass base: 0x0000000000000000, Narrow klass shift: 0
Encoding Range: [0x0000000000000000 - 0x0000000100000000), (4294967296 bytes)
Klass Range:    [0x0000000082000000 - 0x00000000c2000000), (1073741824 bytes)
Klass ID Range:  [2181038080 - 3254779897) (1073741817)

GC Precious Log:
 CardTable entry size: 512
 Card Set container configuration: InlinePtr #cards 5 size 8 Array Of Cards #cards 10 size 36 Howl #buckets 4 coarsen threshold 1843 Howl Bitmap #cards 512 size 80 coarsen threshold 460 Card regions per heap region 1 cards per card region 2048
 CPUs: 16 total, 16 available
 Memory: 16110M
 Large Page Support: Disabled
 NUMA Support: Disabled
 Compressed Oops: Enabled (32-bit)
 Heap Region Size: 1M
 Heap Min Capacity: 64M
 Heap Initial Capacity: 64M
 Heap Max Capacity: 64M
 Pre-touch: Disabled
 Parallel Workers: 13
 Concurrent Workers: 3
 Concurrent Refinement Workers: 13
 Periodic GC: Disabled

Heap:
 garbage-first heap   total reserved 65536K, committed 65536K, used 10220K [0x00000000fc000000, 0x0000000100000000)
  region size 1024K, 6 young (6144K), 5 survivors (5120K)
 Metaspace       used 10027K, committed 10240K, reserved 1114112K
  class space    used 723K, committed 832K, reserved 1048576K

Heap Regions: E=young(eden), S=young(survivor), O=old, HS=humongous(starts), HC=humongous(continues), CS=collection set, F=free, TAMS=top-at-mark-start, PB=parsable bottom
|   0|0x00000000fc000000, 0x00000000fc100000, 0x00000000fc100000|100%|HS|  |TAMS 0x00000000fc000000| PB 0x00000000fc000000| Complete |  0
|   1|0x00000000fc100000, 0x00000000fc200000, 0x00000000fc200000|100%|HC|  |TAMS 0x00000000fc100000| PB 0x00000000fc100000| Complete |  0
|   2|0x00000000fc200000, 0x00000000fc300000, 0x00000000fc300000|100%|HC|  |TAMS 0x00000000fc200000| PB 0x00000000fc200000| Complete |  0
|   3|0x00000000fc300000, 0x00000000fc400000, 0x00000000fc400000|100%| O|  |TAMS 0x00000000fc300000| PB 0x00000000fc300000| Untracked |  0
|   4|0x00000000fc400000, 0x00000000fc4fb010, 0x00000000fc500000| 98%| O|  |TAMS 0x00000000fc400000| PB 0x00000000fc400000| Untracked |  0
|   5|0x00000000fc500000, 0x00000000fc500000, 0x00000000fc600000|  0%| F|  |TAMS 0x00000000fc500000| PB 0x00000000fc500000| Untracked |  0
|   6|0x00000000fc600000, 0x00000000fc600000, 0x00000000fc700000|  0%| F|  |TAMS 0x00000000fc600000| PB 0x00000000fc600000| Untracked |  0
|   7|0x00000000fc700000, 0x00000000fc700000, 0x00000000fc800000|  0%| F|  |TAMS 0x00000000fc700000| PB 0x00000000fc700000| Untracked |  0
|   8|0x00000000fc800000, 0x00000000fc800000, 0x00000000fc900000|  0%| F|  |TAMS 0x00000000fc800000| PB 0x00000000fc800000| Untracked |  0
|   9|0x00000000fc900000, 0x00000000fc900000, 0x00000000fca00000|  0%| F|  |TAMS 0x00000000fc900000| PB 0x00000000fc900000| Untracked |  0
|  10|0x00000000fca00000, 0x00000000fca00000, 0x00000000fcb00000|  0%| F|  |TAMS 0x00000000fca00000| PB 0x00000000fca00000| Untracked |  0
|  11|0x00000000fcb00000, 0x00000000fcb00000, 0x00000000fcc00000|  0%| F|  |TAMS 0x00000000fcb00000| PB 0x00000000fcb00000| Untracked |  0
|  12|0x00000000fcc00000, 0x00000000fcc00000, 0x00000000fcd00000|  0%| F|  |TAMS 0x00000000fcc00000| PB 0x00000000fcc00000| Untracked |  0
|  13|0x00000000fcd00000, 0x00000000fcd00000, 0x00000000fce00000|  0%| F|  |TAMS 0x00000000fcd00000| PB 0x00000000fcd00000| Untracked |  0
|  14|0x00000000fce00000, 0x00000000fce00000, 0x00000000fcf00000|  0%| F|  |TAMS 0x00000000fce00000| PB 0x00000000fce00000| Untracked |  0
|  15|0x00000000fcf00000, 0x00000000fcf00000, 0x00000000fd000000|  0%| F|  |TAMS 0x00000000fcf00000| PB 0x00000000fcf00000| Untracked |  0
|  16|0x00000000fd000000, 0x00000000fd000000, 0x00000000fd100000|  0%| F|  |TAMS 0x00000000fd000000| PB 0x00000000fd000000| Untracked |  0
|  17|0x00000000fd100000, 0x00000000fd100000, 0x00000000fd200000|  0%| F|  |TAMS 0x00000000fd100000| PB 0x00000000fd100000| Untracked |  0
|  18|0x00000000fd200000, 0x00000000fd200000, 0x00000000fd300000|  0%| F|  |TAMS 0x00000000fd200000| PB 0x00000000fd200000| Untracked |  0
|  19|0x00000000fd300000, 0x00000000fd300000, 0x00000000fd400000|  0%| F|  |TAMS 0x00000000fd300000| PB 0x00000000fd300000| Untracked |  0
|  20|0x00000000fd400000, 0x00000000fd400000, 0x00000000fd500000|  0%| F|  |TAMS 0x00000000fd400000| PB 0x00000000fd400000| Untracked |  0
|  21|0x00000000fd500000, 0x00000000fd500000, 0x00000000fd600000|  0%| F|  |TAMS 0x00000000fd500000| PB 0x00000000fd500000| Untracked |  0
|  22|0x00000000fd600000, 0x00000000fd600000, 0x00000000fd700000|  0%| F|  |TAMS 0x00000000fd600000| PB 0x00000000fd600000| Untracked |  0
|  23|0x00000000fd700000, 0x00000000fd700000, 0x00000000fd800000|  0%| F|  |TAMS 0x00000000fd700000| PB 0x00000000fd700000| Untracked |  0
|  24|0x00000000fd800000, 0x00000000fd800000, 0x00000000fd900000|  0%| F|  |TAMS 0x00000000fd800000| PB 0x00000000fd800000| Untracked |  0
|  25|0x00000000fd900000, 0x00000000fda00000, 0x00000000fda00000|100%| S|CS|TAMS 0x00000000fd900000| PB 0x00000000fd900000| Complete |  0
|  26|0x00000000fda00000, 0x00000000fdb00000, 0x00000000fdb00000|100%| S|CS|TAMS 0x00000000fda00000| PB 0x00000000fda00000| Complete |  0
|  27|0x00000000fdb00000, 0x00000000fdc00000, 0x00000000fdc00000|100%| S|CS|TAMS 0x00000000fdb00000| PB 0x00000000fdb00000| Complete |  0
|  28|0x00000000fdc00000, 0x00000000fdd00000, 0x00000000fdd00000|100%| S|CS|TAMS 0x00000000fdc00000| PB 0x00000000fdc00000| Complete |  0
|  29|0x00000000fdd00000, 0x00000000fde00000, 0x00000000fde00000|100%| S|CS|TAMS 0x00000000fdd00000| PB 0x00000000fdd00000| Complete |  0
|  30|0x00000000fde00000, 0x00000000fde00000, 0x00000000fdf00000|  0%| F|  |TAMS 0x00000000fde00000| PB 0x00000000fde00000| Untracked |  0
|  31|0x00000000fdf00000, 0x00000000fdf00000, 0x00000000fe000000|  0%| F|  |TAMS 0x00000000fdf00000| PB 0x00000000fdf00000| Untracked |  0
|  32|0x00000000fe000000, 0x00000000fe000000, 0x00000000fe100000|  0%| F|  |TAMS 0x00000000fe000000| PB 0x00000000fe000000| Untracked |  0
|  33|0x00000000fe100000, 0x00000000fe100000, 0x00000000fe200000|  0%| F|  |TAMS 0x00000000fe100000| PB 0x00000000fe100000| Untracked |  0
|  34|0x00000000fe200000, 0x00000000fe200000, 0x00000000fe300000|  0%| F|  |TAMS 0x00000000fe200000| PB 0x00000000fe200000| Untracked |  0
|  35|0x00000000fe300000, 0x00000000fe300000, 0x00000000fe400000|  0%| F|  |TAMS 0x00000000fe300000| PB 0x00000000fe300000| Untracked |  0
|  36|0x00000000fe400000, 0x00000000fe400000, 0x00000000fe500000|  0%| F|  |TAMS 0x00000000fe400000| PB 0x00000000fe400000| Untracked |  0
|  37|0x00000000fe500000, 0x00000000fe500000, 0x00000000fe600000|  0%| F|  |TAMS 0x00000000fe500000| PB 0x00000000fe500000| Untracked |  0
|  38|0x00000000fe600000, 0x00000000fe600000, 0x00000000fe700000|  0%| F|  |TAMS 0x00000000fe600000| PB 0x00000000fe600000| Untracked |  0
|  39|0x00000000fe700000, 0x00000000fe700000, 0x00000000fe800000|  0%| F|  |TAMS 0x00000000fe700000| PB 0x00000000fe700000| Untracked |  0
|  40|0x00000000fe800000, 0x00000000fe800000, 0x00000000fe900000|  0%| F|  |TAMS 0x00000000fe800000| PB 0x00000000fe800000| Untracked |  0
|  41|0x00000000fe900000, 0x00000000fe900000, 0x00000000fea00000|  0%| F|  |TAMS 0x00000000fe900000| PB 0x00000000fe900000| Untracked |  0
|  42|0x00000000fea00000, 0x00000000fea00000, 0x00000000feb00000|  0%| F|  |TAMS 0x00000000fea00000| PB 0x00000000fea00000| Untracked |  0
|  43|0x00000000feb00000, 0x00000000feb00000, 0x00000000fec00000|  0%| F|  |TAMS 0x00000000feb00000| PB 0x00000000feb00000| Untracked |  0
|  44|0x00000000fec00000, 0x00000000fec00000, 0x00000000fed00000|  0%| F|  |TAMS 0x00000000fec00000| PB 0x00000000fec00000| Untracked |  0
|  45|0x00000000fed00000, 0x00000000fed00000, 0x00000000fee00000|  0%| F|  |TAMS 0x00000000fed00000| PB 0x00000000fed00000| Untracked |  0
|  46|0x00000000fee00000, 0x00000000fee00000, 0x00000000fef00000|  0%| F|  |TAMS 0x00000000fee00000| PB 0x00000000fee00000| Untracked |  0
|  47|0x00000000fef00000, 0x00000000fef00000, 0x00000000ff000000|  0%| F|  |TAMS 0x00000000fef00000| PB 0x00000000fef00000| Untracked |  0
|  48|0x00000000ff000000, 0x00000000ff000000, 0x00000000ff100000|  0%| F|  |TAMS 0x00000000ff000000| PB 0x00000000ff000000| Untracked |  0
|  49|0x00000000ff100000, 0x00000000ff100000, 0x00000000ff200000|  0%| F|  |TAMS 0x00000000ff100000| PB 0x00000000ff100000| Untracked |  0
|  50|0x00000000ff200000, 0x00000000ff200000, 0x00000000ff300000|  0%| F|  |TAMS 0x00000000ff200000| PB 0x00000000ff200000| Untracked |  0
|  51|0x00000000ff300000, 0x00000000ff300000, 0x00000000ff400000|  0%| F|  |TAMS 0x00000000ff300000| PB 0x00000000ff300000| Untracked |  0
|  52|0x00000000ff400000, 0x00000000ff400000, 0x00000000ff500000|  0%| F|  |TAMS 0x00000000ff400000| PB 0x00000000ff400000| Untracked |  0
|  53|0x00000000ff500000, 0x00000000ff500000, 0x00000000ff600000|  0%| F|  |TAMS 0x00000000ff500000| PB 0x00000000ff500000| Untracked |  0
|  54|0x00000000ff600000, 0x00000000ff600000, 0x00000000ff700000|  0%| F|  |TAMS 0x00000000ff600000| PB 0x00000000ff600000| Untracked |  0
|  55|0x00000000ff700000, 0x00000000ff700000, 0x00000000ff800000|  0%| F|  |TAMS 0x00000000ff700000| PB 0x00000000ff700000| Untracked |  0
|  56|0x00000000ff800000, 0x00000000ff800000, 0x00000000ff900000|  0%| F|  |TAMS 0x00000000ff800000| PB 0x00000000ff800000| Untracked |  0
|  57|0x00000000ff900000, 0x00000000ff900000, 0x00000000ffa00000|  0%| F|  |TAMS 0x00000000ff900000| PB 0x00000000ff900000| Untracked |  0
|  58|0x00000000ffa00000, 0x00000000ffa00000, 0x00000000ffb00000|  0%| F|  |TAMS 0x00000000ffa00000| PB 0x00000000ffa00000| Untracked |  0
|  59|0x00000000ffb00000, 0x00000000ffb00000, 0x00000000ffc00000|  0%| F|  |TAMS 0x00000000ffb00000| PB 0x00000000ffb00000| Untracked |  0
|  60|0x00000000ffc00000, 0x00000000ffc00000, 0x00000000ffd00000|  0%| F|  |TAMS 0x00000000ffc00000| PB 0x00000000ffc00000| Untracked |  0
|  61|0x00000000ffd00000, 0x00000000ffd00000, 0x00000000ffe00000|  0%| F|  |TAMS 0x00000000ffd00000| PB 0x00000000ffd00000| Untracked |  0
|  62|0x00000000ffe00000, 0x00000000ffe00000, 0x00000000fff00000|  0%| F|  |TAMS 0x00000000ffe00000| PB 0x00000000ffe00000| Untracked |  0
|  63|0x00000000fff00000, 0x00000000fff80000, 0x0000000100000000| 50%| E|  |TAMS 0x00000000fff00000| PB 0x00000000fff00000| Complete |  0

Card table byte_map: [0x0000029bc27c0000,0x0000029bc27e0000] _byte_map_base: 0x0000029bc1fe0000

Marking Bits: (CMBitMap*) 0x0000029bc474c560
 Bits: [0x0000029bdc850000, 0x0000029bdc950000)

Polling page: 0x0000029bc24f0000

Metaspace:

Usage:
  Non-class:      9.13 MB used.
      Class:    728.16 KB used.
       Both:      9.84 MB used.

Virtual space:
  Non-class space:       64.00 MB reserved,       9.25 MB ( 14%) committed,  1 nodes.
      Class space:        1.00 GB reserved,     832.00 KB ( <1%) committed,  1 nodes.
             Both:        1.06 GB reserved,      10.06 MB ( <1%) committed. 

Chunk freelists:
   Non-Class:  6.67 MB
       Class:  15.16 MB
        Both:  21.83 MB

MaxMetaspaceSize: unlimited
CompressedClassSpaceSize: 1.00 GB
Initial GC threshold: 21.00 MB
Current GC threshold: 21.00 MB
CDS: off
 - commit_granule_bytes: 65536.
 - commit_granule_words: 8192.
 - virtual_space_node_default_size: 8388608.
 - enlarge_chunks_in_place: 1.
UseCompressedClassPointers 1, UseCompactObjectHeaders 0
Narrow klass pointer bits 32, Max shift 3
Narrow klass base: 0x0000000000000000, Narrow klass shift: 0
Encoding Range: [0x0000000000000000 - 0x0000000100000000), (4294967296 bytes)
Klass Range:    [0x0000000082000000 - 0x00000000c2000000), (1073741824 bytes)
Klass ID Range:  [2181038080 - 3254779897) (1073741817)


Internal statistics:

num_allocs_failed_limit: 0.
num_arena_births: 36.
num_arena_deaths: 0.
num_vsnodes_births: 2.
num_vsnodes_deaths: 0.
num_space_committed: 161.
num_space_uncommitted: 0.
num_chunks_returned_to_freelist: 0.
num_chunks_taken_from_freelist: 101.
num_chunk_merges: 0.
num_chunk_splits: 54.
num_chunks_enlarged: 38.
num_inconsistent_stats: 0.

CodeHeap 'non-profiled nmethods': size=119232Kb used=344Kb max_used=344Kb free=118887Kb
 bounds [0x0000029bd4b60000, 0x0000029bd4dd0000, 0x0000029bdbfd0000]
CodeHeap 'profiled nmethods': size=119104Kb used=1642Kb max_used=1642Kb free=117461Kb
 bounds [0x0000029bccfd0000, 0x0000029bcd240000, 0x0000029bd4420000]
CodeHeap 'non-nmethods': size=7424Kb used=1357Kb max_used=3083Kb free=6066Kb
 bounds [0x0000029bd4420000, 0x0000029bd4730000, 0x0000029bd4b60000]
CodeCache: size=245760Kb, used=3343Kb, max_used=5069Kb, free=242414Kb
 total_blobs=1487, nmethods=1069, adapters=322, full_count=0
Compilation: enabled, stopped_count=0, restarted_count=0

Compilation events (20 events):
Event: 5.635 Thread 0x0000029b801982b0  990       4       java.util.zip.ZipFile::ensureOpen (40 bytes)
Event: 5.635 Thread 0x0000029b8050dcb0 nmethod 989 0x0000029bcd14e808 code [0x0000029bcd14ea20, 0x0000029bcd14fa68]
Event: 5.635 Thread 0x0000029b801982b0 nmethod 990 0x0000029bd4bad808 code [0x0000029bd4bad900, 0x0000029bd4bad9c8]
Event: 5.636 Thread 0x0000029b801982b0  991       4       java.lang.String::hashCode (60 bytes)
Event: 5.637 Thread 0x0000029b80198f60  993       1       jdk.internal.loader.URLClassPath$Loader::getBaseURL (5 bytes)
Event: 5.637 Thread 0x0000029b8050e440  994       1       java.util.jar.Manifest::getEntries (5 bytes)
Event: 5.637 Thread 0x0000029b802c7410  995  s    3       jdk.internal.loader.Resource::cachedInputStream (20 bytes)
Event: 5.637 Thread 0x0000029b8050dcb0  996       1       java.util.zip.ZipEntry::getCrc (5 bytes)
Event: 5.637 Thread 0x0000029b80198f60 nmethod 993 0x0000029bd4bae088 code [0x0000029bd4bae180, 0x0000029bd4bae248]
Event: 5.637 Thread 0x0000029b8050e440 nmethod 994 0x0000029bd4bae388 code [0x0000029bd4bae480, 0x0000029bd4bae548]
Event: 5.637 Thread 0x0000029b80198f60  998       3       java.security.CodeSource::getCertificates (95 bytes)
Event: 5.637 Thread 0x0000029b8050dcb0 nmethod 996 0x0000029bd4bae688 code [0x0000029bd4bae780, 0x0000029bd4bae848]
Event: 5.637 Thread 0x0000029b802c7410 nmethod 995 0x0000029bcd14fb08 code [0x0000029bcd14fc40, 0x0000029bcd150000]
Event: 5.637 Thread 0x0000029b801982b0 nmethod 991 0x0000029bd4bae988 code [0x0000029bd4baeaa0, 0x0000029bd4baedc0]
Event: 5.638 Thread 0x0000029b801982b0  992       4       java.util.zip.ZipCoder::hash (36 bytes)
Event: 5.638 Thread 0x0000029b80198f60 nmethod 998 0x0000029bcd150088 code [0x0000029bcd150260, 0x0000029bcd150cc8]
Event: 5.638 Thread 0x0000029b802c7410  999   !   3       java.lang.ClassLoader::loadClass (121 bytes)
Event: 5.639 Thread 0x0000029b802c7410 nmethod 999 0x0000029bcd150d08 code [0x0000029bcd150f40, 0x0000029bcd151d00]
Event: 6.640 Thread 0x0000029b801982b0 nmethod 992 0x0000029bd4baee08 code [0x0000029bd4baef40, 0x0000029bd4baf3b8]
Event: 6.640 Thread 0x0000029b801982b0 1000       4       jdk.internal.loader.URLClassPath$JarLoader::ensureOpen (57 bytes)

GC Heap History (0 events):
No events

Dll operation events (7 events):
Event: 0.007 Loaded shared library C:\Program Files\Java\jdk-24\bin\java.dll
Event: 1.125 Loaded shared library C:\Program Files\Java\jdk-24\bin\jsvml.dll
Event: 2.166 Loaded shared library C:\Program Files\Java\jdk-24\bin\net.dll
Event: 2.167 Loaded shared library C:\Program Files\Java\jdk-24\bin\nio.dll
Event: 2.174 Loaded shared library C:\Program Files\Java\jdk-24\bin\zip.dll
Event: 2.181 Loaded shared library C:\Program Files\Java\jdk-24\bin\verify.dll
Event: 5.478 Loaded shared library C:\Program Files\Java\jdk-24\bin\jimage.dll

Deoptimization events (20 events):
Event: 5.608 Thread 0x0000029bc22051b0 Uncommon trap: trap_request=0xffffff4d fr.pc=0x0000029bd4ba3f68 relative=0x0000000000000bc8
Event: 5.608 Thread 0x0000029bc22051b0 Uncommon trap: reason=unstable_if action=reinterpret pc=0x0000029bd4ba3f68 method=java.util.zip.ZipCoder$UTF8ZipCoder.checkedHash([BII)I @ 27 c2
Event: 5.608 Thread 0x0000029bc22051b0 DEOPT PACKING pc=0x0000029bd4ba3f68 sp=0x000000d17e7fd240
Event: 5.608 Thread 0x0000029bc22051b0 DEOPT UNPACKING pc=0x0000029bd4541002 sp=0x000000d17e7fd108 mode 2
Event: 5.608 Thread 0x0000029bc22051b0 Uncommon trap: trap_request=0xffffff4d fr.pc=0x0000029bd4b76aa4 relative=0x0000000000000124
Event: 5.608 Thread 0x0000029bc22051b0 Uncommon trap: reason=unstable_if action=reinterpret pc=0x0000029bd4b76aa4 method=java.lang.StringCoding.countPositives([BII)I @ 17 c2
Event: 5.608 Thread 0x0000029bc22051b0 DEOPT PACKING pc=0x0000029bd4b76aa4 sp=0x000000d17e7fcfd0
Event: 5.608 Thread 0x0000029bc22051b0 DEOPT UNPACKING pc=0x0000029bd4541002 sp=0x000000d17e7fcf70 mode 2
Event: 5.608 Thread 0x0000029bc22051b0 Uncommon trap: trap_request=0xffffff4d fr.pc=0x0000029bd4b81db0 relative=0x0000000000000290
Event: 5.608 Thread 0x0000029bc22051b0 Uncommon trap: reason=unstable_if action=reinterpret pc=0x0000029bd4b81db0 method=java.lang.String.hashCode()I @ 20 c2
Event: 5.608 Thread 0x0000029bc22051b0 DEOPT PACKING pc=0x0000029bd4b81db0 sp=0x000000d17e7fd060
Event: 5.608 Thread 0x0000029bc22051b0 DEOPT UNPACKING pc=0x0000029bd4541002 sp=0x000000d17e7fcff0 mode 2
Event: 5.608 Thread 0x0000029bc22051b0 Uncommon trap: trap_request=0xffffff4d fr.pc=0x0000029bd4b807b0 relative=0x0000000000000190
Event: 5.608 Thread 0x0000029bc22051b0 Uncommon trap: reason=unstable_if action=reinterpret pc=0x0000029bd4b807b0 method=jdk.internal.util.ArraysSupport.vectorizedHashCode(Ljava/lang/Object;IIII)I @ 2 c2
Event: 5.608 Thread 0x0000029bc22051b0 DEOPT PACKING pc=0x0000029bd4b807b0 sp=0x000000d17e7fcee0
Event: 5.608 Thread 0x0000029bc22051b0 DEOPT UNPACKING pc=0x0000029bd4541002 sp=0x000000d17e7fce90 mode 2
Event: 5.609 Thread 0x0000029bc22051b0 Uncommon trap: trap_request=0xffffff4d fr.pc=0x0000029bd4ba4698 relative=0x0000000000000178
Event: 5.609 Thread 0x0000029bc22051b0 Uncommon trap: reason=unstable_if action=reinterpret pc=0x0000029bd4ba4698 method=java.util.zip.ZipFile$Source.isMetaName([BII)Z @ 57 c2
Event: 5.609 Thread 0x0000029bc22051b0 DEOPT PACKING pc=0x0000029bd4ba4698 sp=0x000000d17e7fd270
Event: 5.609 Thread 0x0000029bc22051b0 DEOPT UNPACKING pc=0x0000029bd4541002 sp=0x000000d17e7fd200 mode 2

Classes loaded (20 events):
Event: 5.479 Loading class jdk/internal/jimage/ImageStringsReader
Event: 5.480 Loading class jdk/internal/jimage/ImageStrings
Event: 5.480 Loading class jdk/internal/jimage/ImageStrings done
Event: 5.480 Loading class jdk/internal/jimage/ImageStringsReader done
Event: 5.480 Loading class jdk/internal/jimage/decompressor/Decompressor
Event: 5.480 Loading class jdk/internal/jimage/decompressor/Decompressor done
Event: 5.480 Loading class jdk/internal/jimage/ImageLocation
Event: 5.480 Loading class jdk/internal/jimage/ImageLocation done
Event: 5.626 Loading class java/lang/invoke/BoundMethodHandle$Species_LLL
Event: 5.626 Loading class java/lang/invoke/BoundMethodHandle$Species_LLL done
Event: 5.633 Loading class java/util/concurrent/atomic/AtomicReference
Event: 5.633 Loading class java/util/concurrent/atomic/AtomicReference done
Event: 5.633 Loading class jdk/internal/invoke/MhUtil
Event: 5.633 Loading class jdk/internal/invoke/MhUtil done
Event: 5.633 Loading class java/lang/invoke/VarHandleReferences$FieldInstanceReadWrite
Event: 5.633 Loading class java/lang/invoke/VarHandleReferences$FieldInstanceReadOnly
Event: 5.634 Loading class java/lang/invoke/VarHandleReferences$FieldInstanceReadOnly done
Event: 5.634 Loading class java/lang/invoke/VarHandleReferences$FieldInstanceReadWrite done
Event: 5.636 Loading class java/lang/UnsupportedOperationException
Event: 5.636 Loading class java/lang/UnsupportedOperationException done

Classes unloaded (0 events):
No events

Classes redefined (0 events):
No events

Internal exceptions (4 events):
Event: 2.234 Thread 0x0000029bc22051b0 Exception <a 'java/lang/NoSuchMethodError'{0x00000000ffdc6018}: 'java.lang.Object java.lang.invoke.DirectMethodHandle$Holder.invokeStaticInit(java.lang.Object)'> (0x00000000ffdc6018) 
thrown [s\open\src\hotspot\share\interpreter\linkResolver.cpp, line 805]
Event: 2.294 Thread 0x0000029bc22051b0 Exception <a 'java/lang/NoSuchMethodError'{0x00000000ffb628f8}: 'void java.lang.invoke.DirectMethodHandle$Holder.invokeStatic(java.lang.Object, java.lang.Object)'> (0x00000000ffb628f8) 
thrown [s\open\src\hotspot\share\interpreter\linkResolver.cpp, line 805]
Event: 2.295 Thread 0x0000029bc22051b0 Exception <a 'java/lang/NoSuchMethodError'{0x00000000ffb6ac08}: 'void java.lang.invoke.DirectMethodHandle$Holder.invokeSpecial(java.lang.Object, java.lang.Object, java.lang.Object)'> (0x00000000ffb6ac08) 
thrown [s\open\src\hotspot\share\interpreter\linkResolver.cpp, line 805]
Event: 2.305 Thread 0x0000029bc22051b0 Exception <a 'java/lang/NoSuchMethodError'{0x00000000ffad2150}: 'int java.lang.invoke.DirectMethodHandle$Holder.invokeStaticInit(java.lang.Object, java.lang.Object)'> (0x00000000ffad2150) 
thrown [s\open\src\hotspot\share\interpreter\linkResolver.cpp, line 805]

VM Operations (2 events):
Event: 2.176 Executing VM operation: HandshakeAllThreads (Deoptimize)
Event: 2.176 Executing VM operation: HandshakeAllThreads (Deoptimize) done

Memory protections (0 events):
No events

Nmethod flushes (0 events):
No events

Events (17 events):
Event: 1.069 Thread 0x0000029bc22051b0 Thread added: 0x0000029bc22051b0
Event: 1.122 Thread 0x0000029bc22051b0 Thread added: 0x0000029b8017cfb0
Event: 1.122 Thread 0x0000029bc22051b0 Thread added: 0x0000029b8017dc00
Event: 1.123 Thread 0x0000029bc22051b0 Thread added: 0x0000029b8019d160
Event: 1.123 Thread 0x0000029bc22051b0 Thread added: 0x0000029b8019dc90
Event: 1.123 Thread 0x0000029bc22051b0 Thread added: 0x0000029b8019e7c0
Event: 1.123 Thread 0x0000029bc22051b0 Thread added: 0x0000029b801a7300
Event: 1.123 Thread 0x0000029bc22051b0 Thread added: 0x0000029b801982b0
Event: 1.123 Thread 0x0000029bc22051b0 Thread added: 0x0000029b80198f60
Event: 2.148 Thread 0x0000029b80198f60 Thread added: 0x0000029b802c7410
Event: 2.152 Thread 0x0000029bc22051b0 Thread added: 0x0000029b8035c010
Event: 2.159 Thread 0x0000029bc22051b0 Thread added: 0x0000029b80360f70
Event: 2.284 Thread 0x0000029b802c7410 Thread added: 0x0000029b8050dcb0
Event: 2.284 Thread 0x0000029b802c7410 Thread added: 0x0000029b8050e440
Event: 2.329 Thread 0x0000029b801982b0 Thread added: 0x0000029b80787e50
Event: 3.343 Thread 0x0000029b80787e50 Thread exited: 0x0000029b80787e50
Event: 5.472 Thread 0x0000029b8050e440 Thread added: 0x0000029b80a39a90


Dynamic libraries:
0x00007ff78c650000 - 0x00007ff78c660000 	C:\Program Files\Java\jdk-24\bin\java.exe
0x00007ffe0c500000 - 0x00007ffe0c769000 	C:\WINDOWS\SYSTEM32\ntdll.dll
0x00007ffe0b9d0000 - 0x00007ffe0ba99000 	C:\WINDOWS\System32\KERNEL32.DLL
0x00007ffe09a90000 - 0x00007ffe09e83000 	C:\WINDOWS\System32\KERNELBASE.dll
0x00007ffe09940000 - 0x00007ffe09a8b000 	C:\WINDOWS\System32\ucrtbase.dll
0x00007ffdef7d0000 - 0x00007ffdef7eb000 	C:\Program Files\Java\jdk-24\bin\VCRUNTIME140.dll
0x00007ffdef600000 - 0x00007ffdef616000 	C:\Program Files\Java\jdk-24\bin\jli.dll
0x00007ffe0b550000 - 0x00007ffe0b714000 	C:\WINDOWS\System32\USER32.dll
0x00007ffdef180000 - 0x00007ffdef413000 	C:\WINDOWS\WinSxS\amd64_microsoft.windows.common-controls_6595b64144ccf1df_6.0.26100.5074_none_3e0d6f78e32fd63f\COMCTL32.dll
0x00007ffe0a170000 - 0x00007ffe0a197000 	C:\WINDOWS\System32\win32u.dll
0x00007ffe0b8c0000 - 0x00007ffe0b969000 	C:\WINDOWS\System32\msvcrt.dll
0x00007ffe0a2d0000 - 0x00007ffe0a2fb000 	C:\WINDOWS\System32\GDI32.dll
0x00007ffe0a1a0000 - 0x00007ffe0a2cd000 	C:\WINDOWS\System32\gdi32full.dll
0x00007ffe09890000 - 0x00007ffe09933000 	C:\WINDOWS\System32\msvcp_win.dll
0x00007ffe0c0a0000 - 0x00007ffe0c0cf000 	C:\WINDOWS\System32\IMM32.DLL
0x00007ffdf1dd0000 - 0x00007ffdf1ddc000 	C:\Program Files\Java\jdk-24\bin\vcruntime140_1.dll
0x00007ffdaf640000 - 0x00007ffdaf6ce000 	C:\Program Files\Java\jdk-24\bin\msvcp140.dll
0x00007ffd499d0000 - 0x00007ffd4a771000 	C:\Program Files\Java\jdk-24\bin\server\jvm.dll
0x00007ffe0bfe0000 - 0x00007ffe0c094000 	C:\WINDOWS\System32\ADVAPI32.dll
0x00007ffe0bf30000 - 0x00007ffe0bfd6000 	C:\WINDOWS\System32\sechost.dll
0x00007ffe0bd90000 - 0x00007ffe0bea8000 	C:\WINDOWS\System32\RPCRT4.dll
0x00007ffe0beb0000 - 0x00007ffe0bf24000 	C:\WINDOWS\System32\WS2_32.dll
0x00007ffe082d0000 - 0x00007ffe0832e000 	C:\WINDOWS\SYSTEM32\POWRPROF.dll
0x00007ffdfaa40000 - 0x00007ffdfaa75000 	C:\WINDOWS\SYSTEM32\WINMM.dll
0x00007ffdfed00000 - 0x00007ffdfed0b000 	C:\WINDOWS\SYSTEM32\VERSION.dll
0x00007ffe082b0000 - 0x00007ffe082c4000 	C:\WINDOWS\SYSTEM32\UMPDC.dll
0x00007ffe08590000 - 0x00007ffe085ab000 	C:\WINDOWS\SYSTEM32\kernel.appcore.dll
0x00007ffdf1af0000 - 0x00007ffdf1afa000 	C:\Program Files\Java\jdk-24\bin\jimage.dll
0x00007ffe06870000 - 0x00007ffe06ab2000 	C:\WINDOWS\SYSTEM32\DBGHELP.DLL
0x00007ffe0a790000 - 0x00007ffe0ab0b000 	C:\WINDOWS\System32\combase.dll
0x00007ffe0bad0000 - 0x00007ffe0bba7000 	C:\WINDOWS\System32\OLEAUT32.dll
0x00007ffdd7f30000 - 0x00007ffdd7f6d000 	C:\WINDOWS\SYSTEM32\dbgcore.DLL
0x00007ffe0a0d0000 - 0x00007ffe0a169000 	C:\WINDOWS\System32\bcryptPrimitives.dll
0x00007ffdedbb0000 - 0x00007ffdedbce000 	C:\Program Files\Java\jdk-24\bin\java.dll
0x00007ffe0b720000 - 0x00007ffe0b8b8000 	C:\WINDOWS\System32\ole32.dll
0x00007ffe0ad80000 - 0x00007ffe0b4cd000 	C:\WINDOWS\System32\SHELL32.dll
0x00007ffe09720000 - 0x00007ffe0988c000 	C:\WINDOWS\System32\wintypes.dll
0x00007ffe072f0000 - 0x00007ffe07b49000 	C:\WINDOWS\SYSTEM32\windows.storage.dll
0x00007ffe0ab10000 - 0x00007ffe0ac00000 	C:\WINDOWS\System32\SHCORE.dll
0x00007ffe0c160000 - 0x00007ffe0c1c2000 	C:\WINDOWS\System32\shlwapi.dll
0x00007ffe095b0000 - 0x00007ffe095d9000 	C:\WINDOWS\SYSTEM32\profapi.dll
0x00007ffdabdc0000 - 0x00007ffdabe97000 	C:\Program Files\Java\jdk-24\bin\jsvml.dll
0x00007ffdf18d0000 - 0x00007ffdf18e0000 	C:\Program Files\Java\jdk-24\bin\net.dll
0x00007ffe08b10000 - 0x00007ffe08b7b000 	C:\WINDOWS\system32\mswsock.dll
0x00007ffdec290000 - 0x00007ffdec2a6000 	C:\Program Files\Java\jdk-24\bin\nio.dll
0x00007ffdec100000 - 0x00007ffdec117000 	C:\Program Files\Java\jdk-24\bin\zip.dll
0x00007ffdf1ee0000 - 0x00007ffdf1ef0000 	C:\Program Files\Java\jdk-24\bin\verify.dll

JVMTI agents: none

dbghelp: loaded successfully - version: 4.0.5 - missing functions: none
symbol engine: initialized successfully - sym options: 0x614 - pdb path: .;C:\Program Files\Java\jdk-24\bin;C:\WINDOWS\SYSTEM32;C:\WINDOWS\WinSxS\amd64_microsoft.windows.common-controls_6595b64144ccf1df_6.0.26100.5074_none_3e0d6f78e32fd63f;C:\Program Files\Java\jdk-24\bin\server

VM Arguments:
jvm_args: -Xmx64m -Xms64m -Dorg.gradle.appname=gradlew 
java_command: C:\Users\Akshat Sinha\Downloads\CLOUD COMPUTING\JavaOnEC2\\gradle\wrapper\gradle-wrapper.jar -p C:\Users\Akshat Sinha\Downloads\CLOUD COMPUTING\JavaOnEC2 --no-daemon bootRun -Dspring-boot.run.jvmArguments=-Xms32m -Xmx128m -XX:+UseSerialGC --enable-native-access=ALL-UNNAMED --stacktrace --info
java_class_path (initial): C:\Users\Akshat Sinha\Downloads\CLOUD COMPUTING\JavaOnEC2\\gradle\wrapper\gradle-wrapper.jar
Launcher Type: SUN_STANDARD

[Global flags]
     intx CICompilerCount                          = 12                                        {product} {ergonomic}
     uint ConcGCThreads                            = 3                                         {product} {ergonomic}
     uint G1ConcRefinementThreads                  = 13                                        {product} {ergonomic}
   size_t G1HeapRegionSize                         = 1048576                                   {product} {ergonomic}
   size_t InitialHeapSize                          = 67108864                                  {product} {command line}
   size_t MarkStackSize                            = 4194304                                   {product} {ergonomic}
   size_t MarkStackSizeMax                         = 536870912                                 {product} {ergonomic}
   size_t MaxHeapSize                              = 67108864                                  {product} {command line}
   size_t MaxNewSize                               = 39845888                                  {product} {ergonomic}
   size_t MinHeapDeltaBytes                        = 1048576                                   {product} {ergonomic}
   size_t MinHeapSize                              = 67108864                                  {product} {command line}
    uintx NonNMethodCodeHeapSize                   = 7602176                                {pd product} {ergonomic}
    uintx NonProfiledCodeHeapSize                  = 122093568                              {pd product} {ergonomic}
    uintx ProfiledCodeHeapSize                     = 121962496                              {pd product} {ergonomic}
    uintx ReservedCodeCacheSize                    = 251658240                              {pd product} {ergonomic}
     bool SegmentedCodeCache                       = true                                      {product} {ergonomic}
   size_t SoftMaxHeapSize                          = 67108864                               {manageable} {ergonomic}
     bool UseCompressedOops                        = true                           {product lp64_product} {ergonomic}
     bool UseG1GC                                  = true                                      {product} {ergonomic}
     bool UseLargePagesIndividualAllocation        = false                                  {pd product} {ergonomic}

Logging:
Log output configuration:
 #0: stdout all=warning uptime,level,tags foldmultilines=false
 #1: stderr all=off uptime,level,tags foldmultilines=false

Environment Variables:
JAVA_HOME=C:\Program Files\Java\jdk-24\
PATH=C:\Program Files\PowerShell\7;C:\Program Files\Java\jdk-24\bin;C:\Program Files\Common Files\Oracle\Java\javapath;C:\Users\Akshat Sinha\flutter\flutter\bin;C:\Windows\system32;C:\Windows;C:\Windows\System32\Wbem;C:\Windows\System32\WindowsPowerShell\v1.0\;C:\Windows\System32\OpenSSH\;C:\MinGW\bin;C:\Program Files (x86)\NVIDIA Corporation\PhysX\Common;C:\Program Files\NVIDIA Corporation\NVIDIA NvDLISR;C:\Program Files\Microsoft SQL Server\150\Tools\Binn\;C:\Users\Akshat Sinha\Downloads\terraform_1.8.1_windows_amd64;C:\Program Files\Git\cmd;C:\Program Files\Git\mingw64\bin;C:\Program Files\Git\usr\bin;C:\WINDOWS\system32;C:\WINDOWS;C:\WINDOWS\System32\Wbem;C:\WINDOWS\System32\WindowsPowerShell\v1.0\;C:\WINDOWS\System32\OpenSSH\;C:\php;D:\MYSQL_GOOD_FILES_LOOK\bin;C:\ProgramData\ComposerSetup\bin;C:\Program Files\PowerShell\7\;C:\Users\Akshat Sinha\AppData\Local\nvm;C:\nvm4w\nodejs;C:\Program Files\Java\jdk-24\bin;C:\Users\Akshat Sinha\flutter\flutter\bin;C:\Users\Akshat Sinha\AppData\Roaming\Python\Python312\Scripts;C:\Users\Akshat Sinha\AppData\Local\Microsoft\WindowsApps;C:\MinGW\bin;C:\Users\Akshat Sinha\AppData\Local\Programs\Microsoft VS Code\bin;C:\Users\Akshat Sinha\.dotnet\tools;C:\Program Files\JetBrains\WebStorm 2023.1.4\bin;C:\Users\Akshat Sinha\AppData\Local\JetBrains\Toolbox\scripts;C:\Program Files\Microsoft Visual Studio\2022\Enterprise\Common7\IDE\CommonExtensions\Microsoft\CMake\CMake\bin;D:\cursor\resources\app\bin;C:\Users\Akshat Sinha\AppData\Local\Microsoft\WindowsApps;D:\Kiro\bin;C:\Users\Akshat Sinha\AppData\Roaming\Composer\vendor\bin;C:\Users\Akshat Sinha\AppData\Local\nvm;C:\nvm4w\nodejs
USERNAME=Akshat Sinha
OS=Windows_NT
PROCESSOR_IDENTIFIER=Intel64 Family 6 Model 141 Stepping 1, GenuineIntel
TMP=C:\Users\Akshat Sinha\AppData\Local\Temp
TEMP=C:\Users\Akshat Sinha\AppData\Local\Temp




Periodic native trim disabled

---------------  S Y S T E M  ---------------

OS:
 Windows 11 , 64 bit Build 26100 (10.0.26100.5074)
OS uptime: 1 days 20:27 hours
Hyper-V role detected

CPU: total 16 (initial active 16) (8 cores per cpu, 2 threads per core) family 6 model 141 stepping 1 microcode 0x56, cx8, cmov, fxsr, ht, mmx, 3dnowpref, sse, sse2, sse3, ssse3, sse4.1, sse4.2, popcnt, lzcnt, tsc, tscinvbit, avx, avx2, aes, erms, clmul, bmi1, bmi2, adx, avx512f, avx512dq, avx512cd, avx512bw, avx512vl, sha, fma, vzeroupper, avx512_vpopcntdq, avx512_vpclmulqdq, avx512_vaes, avx512_vnni, clflush, clflushopt, clwb, avx512_vbmi2, avx512_vbmi, hv, rdtscp, rdpid, fsrm, gfni, avx512_bitalg, f16c, cet_ibt, cet_ss, avx512_ifma
Processor Information for the first 16 processors :
  Max Mhz: 2304, Current Mhz: 2304, Mhz Limit: 2304

Memory: 4k page, system-wide physical 16110M (877M free)
TotalPageFile size 61360M (AvailPageFile size 4M)
current process WorkingSet (physical memory assigned to process): 95M, peak: 95M
current process commit charge ("private bytes"): 170M, peak: 171M

vm_info: Java HotSpot(TM) 64-Bit Server VM (24.0.2+12-54) for windows-amd64 JRE (24.0.2+12-54), built on 2025-07-08T12:10:27Z with MS VC++ 17.6 (VS2022)

END.
