#
# There is insufficient memory for the Java Runtime Environment to continue.
# Native memory allocation (mmap) failed to map 67108864 bytes. Error detail: G1 virtual space
# Possible reasons:
#   The system is out of physical RAM or swap space
#   This process is running with CompressedOops enabled, and the Java Heap may be blocking the growth of the native heap
# Possible solutions:
#   Reduce memory load on the system
#   Increase physical memory or swap space
#   Check if swap backing store is full
#   Decrease Java heap size (-Xmx/-Xms)
#   Decrease number of Java threads
#   Decrease Java thread stack sizes (-Xss)
#   Set larger code cache with -XX:ReservedCodeCacheSize=
#   JVM is running with Unscaled Compressed Oops mode in which the Java heap is
#     placed in the first 4GB address space. The Java Heap base address is the
#     maximum limit for the native heap growth. Please use -XX:HeapBaseMinAddress
#     to set the Java Heap base and to place the Java Heap above 4GB virtual address.
# This output file may be truncated or incomplete.
#
#  Out of Memory Error (os_windows.cpp:3564), pid=23520, tid=18320
#
# JRE version:  (24.0.2+12) (build )
# Java VM: Java HotSpot(TM) 64-Bit Server VM (24.0.2+12-54, mixed mode, sharing, tiered, compressed oops, compressed class ptrs, g1 gc, windows-amd64)
# No core dump will be written. Minidumps are not enabled by default on client versions of Windows
#

---------------  S U M M A R Y ------------

Command Line: -Xmx64m -Xms64m -Dorg.gradle.appname=gradlew C:\Users\Akshat Sinha\Downloads\CLOUD COMPUTING\JavaOnEC2\\gradle\wrapper\gradle-wrapper.jar -p C:\Users\Akshat Sinha\Downloads\CLOUD COMPUTING\JavaOnEC2 --no-daemon bootRun --stacktrace --info

Host: 11th Gen Intel(R) Core(TM) i7-11800H @ 2.30GHz, 16 cores, 15G,  Windows 11 , 64 bit Build 26100 (10.0.26100.5074)
Time: Mon Sep  1 20:16:10 2025 India Standard Time elapsed time: 1.320398 seconds (0d 0h 0m 1s)

---------------  T H R E A D  ---------------

Current thread (0x0000017be29f7ad0):  JavaThread "Unknown thread" [_thread_in_vm, id=18320, stack(0x0000006243c00000,0x0000006243d00000) (1024K)]

Stack: [0x0000006243c00000,0x0000006243d00000]
Native frames: (J=compiled Java code, j=interpreted, Vv=VM code, C=native code)
V  [jvm.dll+0x730829]  (no source info available)
V  [jvm.dll+0x8d9da3]  (no source info available)
V  [jvm.dll+0x8dc28d]  (no source info available)
V  [jvm.dll+0x8dc903]  (no source info available)
V  [jvm.dll+0x2a9f56]  (no source info available)
V  [jvm.dll+0x72cd55]  (no source info available)
V  [jvm.dll+0x72066a]  (no source info available)
V  [jvm.dll+0x390b7a]  (no source info available)
V  [jvm.dll+0x398906]  (no source info available)
V  [jvm.dll+0x3850de]  (no source info available)
V  [jvm.dll+0x385398]  (no source info available)
V  [jvm.dll+0x35d10c]  (no source info available)
V  [jvm.dll+0x35ddcd]  (no source info available)
V  [jvm.dll+0x89d50f]  (no source info available)
V  [jvm.dll+0x3f979d]  (no source info available)
V  [jvm.dll+0x885b66]  (no source info available)
V  [jvm.dll+0x495e7e]  (no source info available)
V  [jvm.dll+0x497c51]  (no source info available)
C  [jli.dll+0x52a1]  (no source info available)
C  [ucrtbase.dll+0x37b0]  (no source info available)
C  [KERNEL32.DLL+0x2e8d7]  (no source info available)
C  [ntdll.dll+0x8d9c]  (no source info available)

Lock stack of current Java thread (top to bottom):


---------------  P R O C E S S  ---------------

Threads class SMR info:
_java_thread_list=0x00007ffd4a60f318, length=0, elements={
}

Java Threads: ( => current thread )
Total: 0

Other Threads:
  0x0000017be4d6bee0 WorkerThread "GC Thread#0"                     [id=25652, stack(0x0000006243d00000,0x0000006243e00000) (1024K)]
  0x0000017be4d6d840 ConcurrentGCThread "G1 Main Marker"            [id=25912, stack(0x0000006243e00000,0x0000006243f00000) (1024K)]
  0x0000017be4d6e300 WorkerThread "G1 Conc#0"                       [id=20172, stack(0x0000006243f00000,0x0000006244000000) (1024K)]

[error occurred during error reporting (printing all threads), id 0xc0000005, EXCEPTION_ACCESS_VIOLATION (0xc0000005) at pc=0x00007ffd49d4138a]
VM state: not at safepoint (not fully initialized)

VM Mutex/Monitor currently owned by a thread:  ([mutex/lock_event])
[0x00007ffd4a6945f0] Heap_lock - owner thread: 0x0000017be29f7ad0

Heap address: 0x00000000fc000000, size: 64 MB, Compressed Oops mode: 32-bit

CDS archive(s) mapped at: [0x0000000000000000-0x0000000000000000-0x0000000000000000), size 0, SharedBaseAddress: 0x0000000800000000, ArchiveRelocationMode: 1.
UseCompressedClassPointers 1, UseCompactObjectHeaders 0
Narrow klass pointer bits 32, Max shift 3
Narrow klass base: 0xffffffffffffffff, Narrow klass shift: -1
Encoding Range: [0xffffffffffffffff - 0x000000007fffffff), (2147483648 bytes)
Klass Range:    [0x0000000000000000 - 0x0000000000000000), (0 bytes)
Klass ID Range:  [4294967295 - 0) (1)

GC Precious Log:
 CardTable entry size: 512
 Card Set container configuration: InlinePtr #cards 5 size 8 Array Of Cards #cards 10 size 36 Howl #buckets 4 coarsen threshold 1843 Howl Bitmap #cards 512 size 80 coarsen threshold 460 Card regions per heap region 1 cards per card region 2048

Heap:
 garbage-first heap   total reserved 65536K, committed 0K, used 0K [0x00000000fc000000, 0x0000000100000000)
  region size 1024K, 0 young (0K), 0 survivors (0K)

[error occurred during error reporting (printing heap information), id 0xc0000005, EXCEPTION_ACCESS_VIOLATION (0xc0000005) at pc=0x00007ffd4a15e679]
GC Heap History (0 events):
No events

Dll operation events (1 events):
Event: 0.006 Loaded shared library C:\Program Files\Java\jdk-24\bin\java.dll

Deoptimization events (0 events):
No events

Classes loaded (0 events):
No events

Classes unloaded (0 events):
No events

Classes redefined (0 events):
No events

Internal exceptions (0 events):
No events

VM Operations (0 events):
No events

Memory protections (0 events):
No events

Nmethod flushes (0 events):
No events

Events (0 events):
No events


Dynamic libraries:
0x00007ff78c650000 - 0x00007ff78c660000 	C:\Program Files\Java\jdk-24\bin\java.exe
0x00007ffe0c500000 - 0x00007ffe0c769000 	C:\WINDOWS\SYSTEM32\ntdll.dll
0x00007ffe0b9d0000 - 0x00007ffe0ba99000 	C:\WINDOWS\System32\KERNEL32.DLL
0x00007ffe09a90000 - 0x00007ffe09e83000 	C:\WINDOWS\System32\KERNELBASE.dll
0x00007ffe09940000 - 0x00007ffe09a8b000 	C:\WINDOWS\System32\ucrtbase.dll
0x00007ffdef600000 - 0x00007ffdef616000 	C:\Program Files\Java\jdk-24\bin\jli.dll
0x00007ffdef7d0000 - 0x00007ffdef7eb000 	C:\Program Files\Java\jdk-24\bin\VCRUNTIME140.dll
0x00007ffe0b550000 - 0x00007ffe0b714000 	C:\WINDOWS\System32\USER32.dll
0x00007ffdef180000 - 0x00007ffdef413000 	C:\WINDOWS\WinSxS\amd64_microsoft.windows.common-controls_6595b64144ccf1df_6.0.26100.5074_none_3e0d6f78e32fd63f\COMCTL32.dll
0x00007ffe0a170000 - 0x00007ffe0a197000 	C:\WINDOWS\System32\win32u.dll
0x00007ffe0b8c0000 - 0x00007ffe0b969000 	C:\WINDOWS\System32\msvcrt.dll
0x00007ffe0a2d0000 - 0x00007ffe0a2fb000 	C:\WINDOWS\System32\GDI32.dll
0x00007ffe0a1a0000 - 0x00007ffe0a2cd000 	C:\WINDOWS\System32\gdi32full.dll
0x00007ffe09890000 - 0x00007ffe09933000 	C:\WINDOWS\System32\msvcp_win.dll
0x00007ffe0c0a0000 - 0x00007ffe0c0cf000 	C:\WINDOWS\System32\IMM32.DLL
0x00007ffdf1dd0000 - 0x00007ffdf1ddc000 	C:\Program Files\Java\jdk-24\bin\vcruntime140_1.dll
0x00007ffdaf640000 - 0x00007ffdaf6ce000 	C:\Program Files\Java\jdk-24\bin\msvcp140.dll
0x00007ffd499d0000 - 0x00007ffd4a771000 	C:\Program Files\Java\jdk-24\bin\server\jvm.dll
0x00007ffe0bfe0000 - 0x00007ffe0c094000 	C:\WINDOWS\System32\ADVAPI32.dll
0x00007ffe0bf30000 - 0x00007ffe0bfd6000 	C:\WINDOWS\System32\sechost.dll
0x00007ffe0bd90000 - 0x00007ffe0bea8000 	C:\WINDOWS\System32\RPCRT4.dll
0x00007ffe0beb0000 - 0x00007ffe0bf24000 	C:\WINDOWS\System32\WS2_32.dll
0x00007ffe082d0000 - 0x00007ffe0832e000 	C:\WINDOWS\SYSTEM32\POWRPROF.dll
0x00007ffdfaa40000 - 0x00007ffdfaa75000 	C:\WINDOWS\SYSTEM32\WINMM.dll
0x00007ffdfed00000 - 0x00007ffdfed0b000 	C:\WINDOWS\SYSTEM32\VERSION.dll
0x00007ffe082b0000 - 0x00007ffe082c4000 	C:\WINDOWS\SYSTEM32\UMPDC.dll
0x00007ffe08590000 - 0x00007ffe085ab000 	C:\WINDOWS\SYSTEM32\kernel.appcore.dll
0x00007ffdf1af0000 - 0x00007ffdf1afa000 	C:\Program Files\Java\jdk-24\bin\jimage.dll
0x00007ffe06870000 - 0x00007ffe06ab2000 	C:\WINDOWS\SYSTEM32\DBGHELP.DLL
0x00007ffe0a790000 - 0x00007ffe0ab0b000 	C:\WINDOWS\System32\combase.dll
0x00007ffe0bad0000 - 0x00007ffe0bba7000 	C:\WINDOWS\System32\OLEAUT32.dll
0x00007ffdd7f30000 - 0x00007ffdd7f6d000 	C:\WINDOWS\SYSTEM32\dbgcore.DLL
0x00007ffe0a0d0000 - 0x00007ffe0a169000 	C:\WINDOWS\System32\bcryptPrimitives.dll
0x00007ffdedbb0000 - 0x00007ffdedbce000 	C:\Program Files\Java\jdk-24\bin\java.dll
0x00007ffe0b720000 - 0x00007ffe0b8b8000 	C:\WINDOWS\System32\ole32.dll
0x00007ffe0ad80000 - 0x00007ffe0b4cd000 	C:\WINDOWS\System32\SHELL32.dll
0x00007ffe09720000 - 0x00007ffe0988c000 	C:\WINDOWS\System32\wintypes.dll

JVMTI agents: none

dbghelp: loaded successfully - version: 4.0.5 - missing functions: none
symbol engine: initialized successfully - sym options: 0x614 - pdb path: .;C:\Program Files\Java\jdk-24\bin;C:\WINDOWS\SYSTEM32;C:\WINDOWS\WinSxS\amd64_microsoft.windows.common-controls_6595b64144ccf1df_6.0.26100.5074_none_3e0d6f78e32fd63f;C:\Program Files\Java\jdk-24\bin\server

VM Arguments:
jvm_args: -Xmx64m -Xms64m -Dorg.gradle.appname=gradlew 
java_command: C:\Users\Akshat Sinha\Downloads\CLOUD COMPUTING\JavaOnEC2\\gradle\wrapper\gradle-wrapper.jar -p C:\Users\Akshat Sinha\Downloads\CLOUD COMPUTING\JavaOnEC2 --no-daemon bootRun --stacktrace --info
java_class_path (initial): C:\Users\Akshat Sinha\Downloads\CLOUD COMPUTING\JavaOnEC2\\gradle\wrapper\gradle-wrapper.jar
Launcher Type: SUN_STANDARD

[Global flags]
     intx CICompilerCount                          = 12                                        {product} {ergonomic}
     uint ConcGCThreads                            = 3                                         {product} {ergonomic}
     uint G1ConcRefinementThreads                  = 13                                        {product} {ergonomic}
   size_t G1HeapRegionSize                         = 1048576                                   {product} {ergonomic}
   size_t InitialHeapSize                          = 67108864                                  {product} {command line}
   size_t MarkStackSize                            = 4194304                                   {product} {ergonomic}
   size_t MarkStackSizeMax                         = 536870912                                 {product} {ergonomic}
   size_t MaxHeapSize                              = 67108864                                  {product} {command line}
   size_t MinHeapDeltaBytes                        = 1048576                                   {product} {ergonomic}
   size_t MinHeapSize                              = 67108864                                  {product} {command line}
    uintx NonNMethodCodeHeapSize                   = 7602176                                {pd product} {ergonomic}
    uintx NonProfiledCodeHeapSize                  = 122093568                              {pd product} {ergonomic}
    uintx ProfiledCodeHeapSize                     = 121962496                              {pd product} {ergonomic}
    uintx ReservedCodeCacheSize                    = 251658240                              {pd product} {ergonomic}
     bool SegmentedCodeCache                       = true                                      {product} {ergonomic}
   size_t SoftMaxHeapSize                          = 67108864                               {manageable} {ergonomic}
     bool UseCompressedOops                        = true                           {product lp64_product} {ergonomic}
     bool UseG1GC                                  = true                                      {product} {ergonomic}
     bool UseLargePagesIndividualAllocation        = false                                  {pd product} {ergonomic}

Logging:
Log output configuration:
 #0: stdout all=warning uptime,level,tags foldmultilines=false
 #1: stderr all=off uptime,level,tags foldmultilines=false

Environment Variables:
JAVA_HOME=C:\Program Files\Java\jdk-24\
PATH=C:\Program Files\PowerShell\7;C:\Program Files\Java\jdk-24\bin;C:\Program Files\Common Files\Oracle\Java\javapath;C:\Users\Akshat Sinha\flutter\flutter\bin;C:\Windows\system32;C:\Windows;C:\Windows\System32\Wbem;C:\Windows\System32\WindowsPowerShell\v1.0\;C:\Windows\System32\OpenSSH\;C:\MinGW\bin;C:\Program Files (x86)\NVIDIA Corporation\PhysX\Common;C:\Program Files\NVIDIA Corporation\NVIDIA NvDLISR;C:\Program Files\Microsoft SQL Server\150\Tools\Binn\;C:\Users\Akshat Sinha\Downloads\terraform_1.8.1_windows_amd64;C:\Program Files\Git\cmd;C:\Program Files\Git\mingw64\bin;C:\Program Files\Git\usr\bin;C:\WINDOWS\system32;C:\WINDOWS;C:\WINDOWS\System32\Wbem;C:\WINDOWS\System32\WindowsPowerShell\v1.0\;C:\WINDOWS\System32\OpenSSH\;C:\php;D:\MYSQL_GOOD_FILES_LOOK\bin;C:\ProgramData\ComposerSetup\bin;C:\Program Files\PowerShell\7\;C:\Users\Akshat Sinha\AppData\Local\nvm;C:\nvm4w\nodejs;C:\Program Files\Java\jdk-24\bin;C:\Users\Akshat Sinha\flutter\flutter\bin;C:\Users\Akshat Sinha\AppData\Roaming\Python\Python312\Scripts;C:\Users\Akshat Sinha\AppData\Local\Microsoft\WindowsApps;C:\MinGW\bin;C:\Users\Akshat Sinha\AppData\Local\Programs\Microsoft VS Code\bin;C:\Users\Akshat Sinha\.dotnet\tools;C:\Program Files\JetBrains\WebStorm 2023.1.4\bin;C:\Users\Akshat Sinha\AppData\Local\JetBrains\Toolbox\scripts;C:\Program Files\Microsoft Visual Studio\2022\Enterprise\Common7\IDE\CommonExtensions\Microsoft\CMake\CMake\bin;D:\cursor\resources\app\bin;C:\Users\Akshat Sinha\AppData\Local\Microsoft\WindowsApps;D:\Kiro\bin;C:\Users\Akshat Sinha\AppData\Roaming\Composer\vendor\bin;C:\Users\Akshat Sinha\AppData\Local\nvm;C:\nvm4w\nodejs
USERNAME=Akshat Sinha
OS=Windows_NT
PROCESSOR_IDENTIFIER=Intel64 Family 6 Model 141 Stepping 1, GenuineIntel
TMP=C:\Users\Akshat Sinha\AppData\Local\Temp
TEMP=C:\Users\Akshat Sinha\AppData\Local\Temp




Periodic native trim disabled

---------------  S Y S T E M  ---------------

OS:
 Windows 11 , 64 bit Build 26100 (10.0.26100.5074)
OS uptime: 1 days 20:26 hours
Hyper-V role detected

CPU: total 16 (initial active 16) (8 cores per cpu, 2 threads per core) family 6 model 141 stepping 1 microcode 0x56, cx8, cmov, fxsr, ht, mmx, 3dnowpref, sse, sse2, sse3, ssse3, sse4.1, sse4.2, popcnt, lzcnt, tsc, tscinvbit, avx, avx2, aes, erms, clmul, bmi1, bmi2, adx, avx512f, avx512dq, avx512cd, avx512bw, avx512vl, sha, fma, vzeroupper, avx512_vpopcntdq, avx512_vpclmulqdq, avx512_vaes, avx512_vnni, clflush, clflushopt, clwb, avx512_vbmi2, avx512_vbmi, hv, rdtscp, rdpid, fsrm, gfni, avx512_bitalg, f16c, cet_ibt, cet_ss, avx512_ifma
Processor Information for the first 16 processors :
  Max Mhz: 2304, Current Mhz: 2304, Mhz Limit: 2304

Memory: 4k page, system-wide physical 16110M (691M free)
TotalPageFile size 61360M (AvailPageFile size 8M)
current process WorkingSet (physical memory assigned to process): 13M, peak: 13M
current process commit charge ("private bytes"): 70M, peak: 134M

vm_info: Java HotSpot(TM) 64-Bit Server VM (24.0.2+12-54) for windows-amd64 JRE (24.0.2+12-54), built on 2025-07-08T12:10:27Z with MS VC++ 17.6 (VS2022)

END.
